#
# There is insufficient memory for the Java Runtime Environment to continue.
# Native memory allocation (malloc) failed to allocate 2431056 bytes for Chunk::new
# Possible reasons:
#   The system is out of physical RAM or swap space
#   In 32 bit mode, the process size limit was hit
# Possible solutions:
#   Reduce memory load on the system
#   Increase physical memory or swap space
#   Check if swap backing store is full
#   Use 64 bit Java on a 64 bit OS
#   Decrease Java heap size (-Xmx/-Xms)
#   Decrease number of Java threads
#   Decrease Java thread stack sizes (-Xss)
#   Set larger code cache with -XX:ReservedCodeCacheSize=
# This output file may be truncated or incomplete.
#
#  Out of Memory Error (allocation.cpp:390), pid=7640, tid=0x000000000000092c
#
# JRE version: Java(TM) SE Runtime Environment (8.0_101-b13) (build 1.8.0_101-b13)
# Java VM: Java HotSpot(TM) 64-Bit Server VM (25.101-b13 mixed mode windows-amd64 compressed oops)
# Failed to write core dump. Minidumps are not enabled by default on client versions of Windows
#

---------------  T H R E A D  ---------------

Current thread (0x0000000017800000):  JavaThread "C2 CompilerThread0" daemon [_thread_in_native, id=2348, stack(0x0000000018e40000,0x0000000018f40000)]

Stack: [0x0000000018e40000,0x0000000018f40000]
[error occurred during error reporting (printing stack bounds), id 0xc0000005]

Native frames: (J=compiled Java code, j=interpreted, Vv=VM code, C=native code)


Current CompileTask:
C2:  10333 3204       4       org.objectweb.asm.ClassReader::a (3271 bytes)


---------------  P R O C E S S  ---------------

Java Threads: ( => current thread )
  0x00000000192ab000 JavaThread "Monitor Ctrl-Break" daemon [_thread_in_native, id=10344, stack(0x0000000019740000,0x0000000019840000)]
  0x000000001918d800 JavaThread "Service Thread" daemon [_thread_blocked, id=5228, stack(0x0000000019540000,0x0000000019640000)]
  0x0000000017809000 JavaThread "C1 CompilerThread2" daemon [_thread_blocked, id=7876, stack(0x0000000019040000,0x0000000019140000)]
  0x0000000017805000 JavaThread "C2 CompilerThread1" daemon [_thread_in_native, id=8664, stack(0x0000000018f40000,0x0000000019040000)]
=>0x0000000017800000 JavaThread "C2 CompilerThread0" daemon [_thread_in_native, id=2348, stack(0x0000000018e40000,0x0000000018f40000)]
  0x00000000177fe000 JavaThread "Attach Listener" daemon [_thread_blocked, id=7032, stack(0x0000000018d40000,0x0000000018e40000)]
  0x00000000177fc800 JavaThread "Signal Dispatcher" daemon [_thread_blocked, id=11036, stack(0x0000000018c40000,0x0000000018d40000)]
  0x00000000177e3800 JavaThread "Finalizer" daemon [_thread_blocked, id=616, stack(0x0000000018a50000,0x0000000018b50000)]
  0x0000000002d2d000 JavaThread "Reference Handler" daemon [_thread_blocked, id=7768, stack(0x0000000018950000,0x0000000018a50000)]
  0x00000000029ae000 JavaThread "main" [_thread_in_native, id=4960, stack(0x0000000002b30000,0x0000000002c30000)]

Other Threads:
  0x00000000177b7800 VMThread [stack: 0x0000000018850000,0x0000000018950000] [id=9764]
  0x0000000019259000 WatcherThread [stack: 0x0000000019640000,0x0000000019740000] [id=840]

VM state:not at safepoint (normal execution)

VM Mutex/Monitor currently owned by a thread: None

Heap:
 PSYoungGen      total 644096K, used 113600K [0x00000000d6180000, 0x0000000100000000, 0x0000000100000000)
  eden space 631296K, 17% used [0x00000000d6180000,0x00000000dd070220,0x00000000fca00000)
  from space 12800K, 0% used [0x00000000ff380000,0x00000000ff380000,0x0000000100000000)
  to   space 27648K, 0% used [0x00000000fca00000,0x00000000fca00000,0x00000000fe500000)
 ParOldGen       total 149504K, used 78467K [0x0000000082400000, 0x000000008b600000, 0x00000000d6180000)
  object space 149504K, 52% used [0x0000000082400000,0x00000000870a0e50,0x000000008b600000)
 Metaspace       used 18811K, capacity 19341K, committed 19456K, reserved 1067008K
  class space    used 1825K, capacity 2042K, committed 2048K, reserved 1048576K

Card table byte_map: [0x00000000120f0000,0x00000000124e0000] byte_map_base: 0x0000000011cde000

Marking Bits: (ParMarkBitMap*) 0x00000000602fa6d0
 Begin Bits: [0x0000000012b80000, 0x0000000014af0000)
 End Bits:   [0x0000000014af0000, 0x0000000016a60000)

Polling page: 0x0000000002910000

CodeCache: size=245760Kb used=14053Kb max_used=14053Kb free=231706Kb
 bounds [0x0000000002d30000, 0x0000000003af0000, 0x0000000011d30000]
 total_blobs=3620 nmethods=3239 adapters=293
 compilation: enabled

Compilation events (10 events):
Event: 10.232 Thread 0x0000000017809000 3322       2       sun.invoke.util.VerifyAccess::isTypeVisible (49 bytes)
Event: 10.233 Thread 0x0000000017809000 nmethod 3322 0x0000000003aebfd0 code [0x0000000003aec140, 0x0000000003aec388]
Event: 10.237 Thread 0x0000000017809000 3324       2       java.net.URI$Parser::charAt (9 bytes)
Event: 10.237 Thread 0x0000000017809000 nmethod 3324 0x0000000003aec550 code [0x0000000003aec6c0, 0x0000000003aec908]
Event: 10.250 Thread 0x0000000017809000 3326   !   2       java.lang.StringCoding::encode (120 bytes)
Event: 10.252 Thread 0x0000000017809000 nmethod 3326 0x0000000003aeca90 code [0x0000000003aecd00, 0x0000000003aed5d8]
Event: 10.252 Thread 0x0000000017809000 3327   !   2       java.lang.StringCoding$StringEncoder::encode (179 bytes)
Event: 10.253 Thread 0x0000000017809000 nmethod 3327 0x0000000003aee090 code [0x0000000003aee2e0, 0x0000000003aeee38]
Event: 10.253 Thread 0x0000000017809000 3328       2       java.lang.StringCoding::safeTrim (24 bytes)
Event: 10.254 Thread 0x0000000017809000 nmethod 3328 0x0000000003aef890 code [0x0000000003aefa00, 0x0000000003aefca8]

GC Heap History (10 events):
Event: 6.343 GC heap before
{Heap before GC invocations=13 (full 0):
 PSYoungGen      total 338944K, used 333003K [0x00000000d6180000, 0x00000000eb880000, 0x0000000100000000)
  eden space 327680K, 100% used [0x00000000d6180000,0x00000000ea180000,0x00000000ea180000)
  from space 11264K, 47% used [0x00000000ead80000,0x00000000eb2b2c98,0x00000000eb880000)
  to   space 11776K, 0% used [0x00000000ea180000,0x00000000ea180000,0x00000000ead00000)
 ParOldGen       total 86016K, used 29155K [0x0000000082400000, 0x0000000087800000, 0x00000000d6180000)
  object space 86016K, 33% used [0x0000000082400000,0x0000000084078e50,0x0000000087800000)
 Metaspace       used 16923K, capacity 17401K, committed 17536K, reserved 1064960K
  class space    used 1692K, capacity 1882K, committed 1920K, reserved 1048576K
Event: 6.356 GC heap after
Heap after GC invocations=13 (full 0):
 PSYoungGen      total 339456K, used 2208K [0x00000000d6180000, 0x00000000f7880000, 0x0000000100000000)
  eden space 327680K, 0% used [0x00000000d6180000,0x00000000d6180000,0x00000000ea180000)
  from space 11776K, 18% used [0x00000000ea180000,0x00000000ea3a8010,0x00000000ead00000)
  to   space 11776K, 0% used [0x00000000f6d00000,0x00000000f6d00000,0x00000000f7880000)
 ParOldGen       total 86016K, used 33803K [0x0000000082400000, 0x0000000087800000, 0x00000000d6180000)
  object space 86016K, 39% used [0x0000000082400000,0x0000000084502e50,0x0000000087800000)
 Metaspace       used 16923K, capacity 17401K, committed 17536K, reserved 1064960K
  class space    used 1692K, capacity 1882K, committed 1920K, reserved 1048576K
}
Event: 6.575 GC heap before
{Heap before GC invocations=14 (full 0):
 PSYoungGen      total 339456K, used 329888K [0x00000000d6180000, 0x00000000f7880000, 0x0000000100000000)
  eden space 327680K, 100% used [0x00000000d6180000,0x00000000ea180000,0x00000000ea180000)
  from space 11776K, 18% used [0x00000000ea180000,0x00000000ea3a8010,0x00000000ead00000)
  to   space 11776K, 0% used [0x00000000f6d00000,0x00000000f6d00000,0x00000000f7880000)
 ParOldGen       total 86016K, used 33803K [0x0000000082400000, 0x0000000087800000, 0x00000000d6180000)
  object space 86016K, 39% used [0x0000000082400000,0x0000000084502e50,0x0000000087800000)
 Metaspace       used 16923K, capacity 17401K, committed 17536K, reserved 1064960K
  class space    used 1692K, capacity 1882K, committed 1920K, reserved 1048576K
Event: 6.579 GC heap after
Heap after GC invocations=14 (full 0):
 PSYoungGen      total 536064K, used 1664K [0x00000000d6180000, 0x00000000f7880000, 0x0000000100000000)
  eden space 524288K, 0% used [0x00000000d6180000,0x00000000d6180000,0x00000000f6180000)
  from space 11776K, 14% used [0x00000000f6d00000,0x00000000f6ea0000,0x00000000f7880000)
  to   space 11776K, 0% used [0x00000000f6180000,0x00000000f6180000,0x00000000f6d00000)
 ParOldGen       total 86016K, used 34963K [0x0000000082400000, 0x0000000087800000, 0x00000000d6180000)
  object space 86016K, 40% used [0x0000000082400000,0x0000000084624e50,0x0000000087800000)
 Metaspace       used 16923K, capacity 17401K, committed 17536K, reserved 1064960K
  class space    used 1692K, capacity 1882K, committed 1920K, reserved 1048576K
}
Event: 7.087 GC heap before
{Heap before GC invocations=15 (full 0):
 PSYoungGen      total 536064K, used 525952K [0x00000000d6180000, 0x00000000f7880000, 0x0000000100000000)
  eden space 524288K, 100% used [0x00000000d6180000,0x00000000f6180000,0x00000000f6180000)
  from space 11776K, 14% used [0x00000000f6d00000,0x00000000f6ea0000,0x00000000f7880000)
  to   space 11776K, 0% used [0x00000000f6180000,0x00000000f6180000,0x00000000f6d00000)
 ParOldGen       total 86016K, used 34963K [0x0000000082400000, 0x0000000087800000, 0x00000000d6180000)
  object space 86016K, 40% used [0x0000000082400000,0x0000000084624e50,0x0000000087800000)
 Metaspace       used 16923K, capacity 17401K, committed 17536K, reserved 1064960K
  class space    used 1692K, capacity 1882K, committed 1920K, reserved 1048576K
Event: 7.104 GC heap after
Heap after GC invocations=15 (full 0):
 PSYoungGen      total 536064K, used 8679K [0x00000000d6180000, 0x0000000100000000, 0x0000000100000000)
  eden space 524288K, 0% used [0x00000000d6180000,0x00000000d6180000,0x00000000f6180000)
  from space 11776K, 73% used [0x00000000f6180000,0x00000000f69f9f30,0x00000000f6d00000)
  to   space 12800K, 0% used [0x00000000ff380000,0x00000000ff380000,0x0000000100000000)
 ParOldGen       total 86016K, used 35579K [0x0000000082400000, 0x0000000087800000, 0x00000000d6180000)
  object space 86016K, 41% used [0x0000000082400000,0x00000000846bee70,0x0000000087800000)
 Metaspace       used 16923K, capacity 17401K, committed 17536K, reserved 1064960K
  class space    used 1692K, capacity 1882K, committed 1920K, reserved 1048576K
}
Event: 8.830 GC heap before
{Heap before GC invocations=16 (full 0):
 PSYoungGen      total 536064K, used 532967K [0x00000000d6180000, 0x0000000100000000, 0x0000000100000000)
  eden space 524288K, 100% used [0x00000000d6180000,0x00000000f6180000,0x00000000f6180000)
  from space 11776K, 73% used [0x00000000f6180000,0x00000000f69f9f30,0x00000000f6d00000)
  to   space 12800K, 0% used [0x00000000ff380000,0x00000000ff380000,0x0000000100000000)
 ParOldGen       total 86016K, used 35579K [0x0000000082400000, 0x0000000087800000, 0x00000000d6180000)
  object space 86016K, 41% used [0x0000000082400000,0x00000000846bee70,0x0000000087800000)
 Metaspace       used 17490K, capacity 17913K, committed 18048K, reserved 1064960K
  class space    used 1713K, capacity 1882K, committed 1920K, reserved 1048576K
Event: 8.906 GC heap after
Heap after GC invocations=16 (full 0):
 PSYoungGen      total 644096K, used 12800K [0x00000000d6180000, 0x0000000100000000, 0x0000000100000000)
  eden space 631296K, 0% used [0x00000000d6180000,0x00000000d6180000,0x00000000fca00000)
  from space 12800K, 100% used [0x00000000ff380000,0x0000000100000000,0x0000000100000000)
  to   space 27648K, 0% used [0x00000000fca00000,0x00000000fca00000,0x00000000fe500000)
 ParOldGen       total 86016K, used 70204K [0x0000000082400000, 0x0000000087800000, 0x00000000d6180000)
  object space 86016K, 81% used [0x0000000082400000,0x000000008688f270,0x0000000087800000)
 Metaspace       used 17490K, capacity 17913K, committed 18048K, reserved 1064960K
  class space    used 1713K, capacity 1882K, committed 1920K, reserved 1048576K
}
Event: 8.906 GC heap before
{Heap before GC invocations=17 (full 1):
 PSYoungGen      total 644096K, used 12800K [0x00000000d6180000, 0x0000000100000000, 0x0000000100000000)
  eden space 631296K, 0% used [0x00000000d6180000,0x00000000d6180000,0x00000000fca00000)
  from space 12800K, 100% used [0x00000000ff380000,0x0000000100000000,0x0000000100000000)
  to   space 27648K, 0% used [0x00000000fca00000,0x00000000fca00000,0x00000000fe500000)
 ParOldGen       total 86016K, used 70204K [0x0000000082400000, 0x0000000087800000, 0x00000000d6180000)
  object space 86016K, 81% used [0x0000000082400000,0x000000008688f270,0x0000000087800000)
 Metaspace       used 17490K, capacity 17913K, committed 18048K, reserved 1064960K
  class space    used 1713K, capacity 1882K, committed 1920K, reserved 1048576K
Event: 9.279 GC heap after
Heap after GC invocations=17 (full 1):
 PSYoungGen      total 644096K, used 0K [0x00000000d6180000, 0x0000000100000000, 0x0000000100000000)
  eden space 631296K, 0% used [0x00000000d6180000,0x00000000d6180000,0x00000000fca00000)
  from space 12800K, 0% used [0x00000000ff380000,0x00000000ff380000,0x0000000100000000)
  to   space 27648K, 0% used [0x00000000fca00000,0x00000000fca00000,0x00000000fe500000)
 ParOldGen       total 149504K, used 78467K [0x0000000082400000, 0x000000008b600000, 0x00000000d6180000)
  object space 149504K, 52% used [0x0000000082400000,0x00000000870a0e50,0x000000008b600000)
 Metaspace       used 17490K, capacity 17913K, committed 18048K, reserved 1064960K
  class space    used 1713K, capacity 1882K, committed 1920K, reserved 1048576K
}

Deoptimization events (10 events):
Event: 9.950 Thread 0x00000000029ae000 Uncommon trap: reason=unstable_if action=reinterpret pc=0x0000000003a10214 method=com.google.common.collect.HashBiMap.seekByValue(Ljava/lang/Object;I)Lcom/google/common/collect/HashBiMap$BiEntry; @ 21
Event: 10.005 Thread 0x00000000029ae000 Uncommon trap: reason=class_check action=maybe_recompile pc=0x000000000384a7dc method=java.util.regex.Pattern$Branch.match(Ljava/util/regex/Matcher;ILjava/lang/CharSequence;)Z @ 32
Event: 10.005 Thread 0x00000000029ae000 Uncommon trap: reason=unstable_if action=reinterpret pc=0x0000000003a8b738 method=java.util.regex.Pattern$Dollar.match(Ljava/util/regex/Matcher;ILjava/lang/CharSequence;)Z @ 32
Event: 10.005 Thread 0x00000000029ae000 Uncommon trap: reason=unstable_if action=reinterpret pc=0x0000000003814ea8 method=java.util.regex.Pattern$GroupTail.match(Ljava/util/regex/Matcher;ILjava/lang/CharSequence;)Z @ 73
Event: 10.005 Thread 0x00000000029ae000 Uncommon trap: reason=class_check action=maybe_recompile pc=0x000000000384a7dc method=java.util.regex.Pattern$Branch.match(Ljava/util/regex/Matcher;ILjava/lang/CharSequence;)Z @ 32
Event: 10.010 Thread 0x00000000029ae000 Uncommon trap: reason=class_check action=maybe_recompile pc=0x000000000384a7dc method=java.util.regex.Pattern$Branch.match(Ljava/util/regex/Matcher;ILjava/lang/CharSequence;)Z @ 32
Event: 10.010 Thread 0x00000000029ae000 Uncommon trap: reason=class_check action=maybe_recompile pc=0x000000000384a7dc method=java.util.regex.Pattern$Branch.match(Ljava/util/regex/Matcher;ILjava/lang/CharSequence;)Z @ 32
Event: 10.062 Thread 0x00000000029ae000 Uncommon trap: reason=unstable_if action=reinterpret pc=0x00000000034a6820 method=org.objectweb.asm.MethodWriter.b(Lorg/objectweb/asm/Frame;)V @ 113
Event: 10.131 Thread 0x00000000029ae000 Uncommon trap: reason=unstable_if action=reinterpret pc=0x0000000003791bf8 method=java.util.TreeMap.getEntry(Ljava/lang/Object;)Ljava/util/TreeMap$Entry; @ 4
Event: 10.233 Thread 0x00000000029ae000 Uncommon trap: reason=range_check action=make_not_entrant pc=0x0000000002fc7fe4 method=java.lang.String.charAt(I)C @ 27

Internal exceptions (10 events):
Event: 0.484 Thread 0x00000000029ae000 Exception <a 'java/security/PrivilegedActionException'> (0x00000000d6ac7878) thrown at [C:\re\workspace\8-2-build-windows-amd64-cygwin\jdk8u101\7261\hotspot\src\share\vm\prims\jvm.cpp, line 1386]
Event: 0.484 Thread 0x00000000029ae000 Exception <a 'java/security/PrivilegedActionException'> (0x00000000d6ac7c70) thrown at [C:\re\workspace\8-2-build-windows-amd64-cygwin\jdk8u101\7261\hotspot\src\share\vm\prims\jvm.cpp, line 1386]
Event: 0.484 Thread 0x00000000029ae000 Exception <a 'java/security/PrivilegedActionException'> (0x00000000d6ac9260) thrown at [C:\re\workspace\8-2-build-windows-amd64-cygwin\jdk8u101\7261\hotspot\src\share\vm\prims\jvm.cpp, line 1386]
Event: 0.485 Thread 0x00000000029ae000 Exception <a 'java/security/PrivilegedActionException'> (0x00000000d6ac9658) thrown at [C:\re\workspace\8-2-build-windows-amd64-cygwin\jdk8u101\7261\hotspot\src\share\vm\prims\jvm.cpp, line 1386]
Event: 1.632 Thread 0x00000000029ae000 Exception <a 'java/lang/NoSuchFieldError': method resolution failed> (0x00000000d61ec8a0) thrown at [C:\re\workspace\8-2-build-windows-amd64-cygwin\jdk8u101\7261\hotspot\src\share\vm\prims\methodHandles.cpp, line 1146]
Event: 1.635 Thread 0x00000000029ae000 Exception <a 'java/lang/NoSuchFieldError': method resolution failed> (0x00000000d61fa5e0) thrown at [C:\re\workspace\8-2-build-windows-amd64-cygwin\jdk8u101\7261\hotspot\src\share\vm\prims\methodHandles.cpp, line 1146]
Event: 7.351 Thread 0x00000000029ae000 Implicit null exception at 0x000000000378fc6b to 0x000000000378fe19
Event: 7.388 Thread 0x00000000029ae000 Implicit null exception at 0x00000000037cb6ec to 0x00000000037cc4c5
Event: 8.426 Thread 0x00000000029ae000 Implicit null exception at 0x0000000002f57c54 to 0x0000000002f57fbd
Event: 8.427 Thread 0x00000000029ae000 Implicit null exception at 0x0000000002ee1a16 to 0x0000000002ee1d55

Events (10 events):
Event: 10.250 Thread 0x00000000029ae000 DEOPT PACKING pc=0x000000000320c07e sp=0x0000000002c2c1e0
Event: 10.250 Thread 0x00000000029ae000 DEOPT UNPACKING pc=0x0000000002d7787f sp=0x0000000002c2bef8 mode 0
Event: 10.250 loading class java/net/NetworkInterface
Event: 10.251 loading class java/net/NetworkInterface done
Event: 10.251 loading class java/net/NetworkInterface$1
Event: 10.251 loading class java/net/NetworkInterface$1 done
Event: 10.252 loading class java/net/InterfaceAddress
Event: 10.252 loading class java/net/InterfaceAddress done
Event: 10.252 loading class java/net/DefaultInterface
Event: 10.252 loading class java/net/DefaultInterface done


Dynamic libraries:
0x00007ff6ccad0000 - 0x00007ff6ccb07000 	C:\Program Files\Java\jdk1.8.0_101\bin\java.exe
0x00007ff8eb260000 - 0x00007ff8eb40d000 	C:\WINDOWS\SYSTEM32\ntdll.dll
0x00007ff8e76a0000 - 0x00007ff8e77de000 	C:\WINDOWS\system32\KERNEL32.DLL
0x00007ff8db2d0000 - 0x00007ff8db324000 	C:\Program Files (x86)\AVG\Av\avghooka.dll
0x00007ff8e71a0000 - 0x00007ff8e72b5000 	C:\WINDOWS\system32\KERNELBASE.dll
0x00007ff8e5b10000 - 0x00007ff8e5b9e000 	C:\WINDOWS\system32\apphelp.dll
0x00007ff8ccf50000 - 0x00007ff8ccfa3000 	C:\WINDOWS\AppPatch\AppPatch64\AcGenral.DLL
0x00007ff8e9330000 - 0x00007ff8e93da000 	C:\WINDOWS\system32\msvcrt.dll
0x00007ff8e7500000 - 0x00007ff8e752e000 	C:\WINDOWS\system32\SspiCli.dll
0x00007ff8e9760000 - 0x00007ff8e97b4000 	C:\WINDOWS\system32\SHLWAPI.dll
0x00007ff8e9d10000 - 0x00007ff8e9e87000 	C:\WINDOWS\system32\USER32.dll
0x00007ff8e9580000 - 0x00007ff8e9714000 	C:\WINDOWS\system32\ole32.dll
0x00007ff8e7df0000 - 0x00007ff8e9318000 	C:\WINDOWS\system32\SHELL32.dll
0x00007ff8e6510000 - 0x00007ff8e6531000 	C:\WINDOWS\SYSTEM32\USERENV.dll
0x00007ff8e9eb0000 - 0x00007ff8e9f5a000 	C:\WINDOWS\system32\ADVAPI32.dll
0x00007ff8e2f90000 - 0x00007ff8e2fae000 	C:\WINDOWS\SYSTEM32\MPR.dll
0x00007ff8e93e0000 - 0x00007ff8e9520000 	C:\WINDOWS\system32\RPCRT4.dll
0x00007ff8e79c0000 - 0x00007ff8e7a19000 	C:\WINDOWS\SYSTEM32\sechost.dll
0x00007ff8e7af0000 - 0x00007ff8e7d01000 	C:\WINDOWS\SYSTEM32\combase.dll
0x00007ff8e99e0000 - 0x00007ff8e9b2f000 	C:\WINDOWS\system32\GDI32.dll
0x00007ff8e7070000 - 0x00007ff8e7085000 	C:\WINDOWS\SYSTEM32\profapi.dll
0x00007ff8e54c0000 - 0x00007ff8e5572000 	C:\WINDOWS\SYSTEM32\SHCORE.dll
0x00007ff8e9720000 - 0x00007ff8e9756000 	C:\WINDOWS\system32\IMM32.DLL
0x00007ff8e9880000 - 0x00007ff8e99d2000 	C:\WINDOWS\system32\MSCTF.dll
0x00007ff8e4bb0000 - 0x00007ff8e4e2b000 	C:\WINDOWS\WinSxS\amd64_microsoft.windows.common-controls_6595b64144ccf1df_6.0.9600.18006_none_623f33d3ecbe86e8\COMCTL32.dll
0x00007ff8e6da0000 - 0x00007ff8e6e6a000 	C:\Windows\system32\guard64.dll
0x00007ff8e9d00000 - 0x00007ff8e9d07000 	C:\WINDOWS\system32\PSAPI.DLL
0x00007ff8e6d80000 - 0x00007ff8e6d8a000 	C:\WINDOWS\system32\version.dll
0x00007ff8e6d70000 - 0x00007ff8e6d7a000 	C:\WINDOWS\system32\fltlib.dll
0x00007ff8e6d30000 - 0x00007ff8e6d62000 	C:\WINDOWS\SYSTEM32\ntmarta.dll
0x0000000060380000 - 0x0000000060452000 	C:\Program Files\Java\jdk1.8.0_101\jre\bin\msvcr100.dll
0x000000005fae0000 - 0x000000006037a000 	C:\Program Files\Java\jdk1.8.0_101\jre\bin\server\jvm.dll
0x00007ff8db330000 - 0x00007ff8db339000 	C:\WINDOWS\SYSTEM32\WSOCK32.dll
0x00007ff8e4400000 - 0x00007ff8e4422000 	C:\WINDOWS\SYSTEM32\WINMM.dll
0x00007ff8e9520000 - 0x00007ff8e957a000 	C:\WINDOWS\system32\WS2_32.dll
0x00007ff8e2e90000 - 0x00007ff8e2eba000 	C:\WINDOWS\SYSTEM32\WINMMBASE.dll
0x00007ff8e7d10000 - 0x00007ff8e7d19000 	C:\WINDOWS\system32\NSI.dll
0x00000000028c0000 - 0x000000000290f000 	C:\WINDOWS\SYSTEM32\cfgmgr32.dll
0x00007ff8e5d70000 - 0x00007ff8e5d98000 	C:\WINDOWS\SYSTEM32\DEVOBJ.dll
0x000000005fad0000 - 0x000000005fadf000 	C:\Program Files\Java\jdk1.8.0_101\jre\bin\verify.dll
0x000000005faa0000 - 0x000000005fac9000 	C:\Program Files\Java\jdk1.8.0_101\jre\bin\java.dll
0x000000005fa80000 - 0x000000005fa96000 	C:\Program Files\Java\jdk1.8.0_101\jre\bin\zip.dll
0x00007ff8e5190000 - 0x00007ff8e519f000 	C:\Program Files\Android\Android Studio\bin\breakgen64.dll
0x000000005fa60000 - 0x000000005fa7a000 	C:\Program Files\Java\jdk1.8.0_101\jre\bin\net.dll
0x00007ff8e6780000 - 0x00007ff8e67d9000 	C:\WINDOWS\system32\mswsock.dll
0x00007ff8e67e0000 - 0x00007ff8e6800000 	C:\WINDOWS\SYSTEM32\CRYPTSP.dll
0x00007ff8e6400000 - 0x00007ff8e6436000 	C:\WINDOWS\system32\rsaenh.dll
0x00007ff8e6a30000 - 0x00007ff8e6a56000 	C:\WINDOWS\SYSTEM32\bcrypt.dll
0x000000001c770000 - 0x000000001c7d3000 	C:\WINDOWS\system32\bcryptprimitives.dll
0x00007ff8e6ee0000 - 0x00007ff8e6eeb000 	C:\WINDOWS\SYSTEM32\CRYPTBASE.dll
0x00007ff8e4790000 - 0x00007ff8e47ba000 	C:\WINDOWS\SYSTEM32\IPHLPAPI.DLL
0x00007ff8e4940000 - 0x00007ff8e494a000 	C:\WINDOWS\SYSTEM32\WINNSI.DLL
0x00007ff8df900000 - 0x00007ff8df916000 	C:\WINDOWS\SYSTEM32\dhcpcsvc6.DLL
0x00007ff8dfb60000 - 0x00007ff8dfb7a000 	C:\WINDOWS\SYSTEM32\dhcpcsvc.DLL

VM Arguments:
jvm_args: -ea -Didea.launcher.port=7533 -Didea.launcher.bin.path=C:\Program Files\Android\Android Studio\bin -Didea.junit.sm_runner -Dfile.encoding=UTF-8 
java_command: com.intellij.rt.execution.application.AppMain com.intellij.rt.execution.junit.JUnitStarter -ideVersion5 com.example.karol.tramwaje.DetectTramTest
java_class_path (initial): C:\Program Files\Android\Android Studio\lib\idea_rt.jar;C:\Program Files\Android\Android Studio\plugins\junit\lib\junit-rt.jar;C:\Users\Karol\AppData\Local\Android\sdk\platforms\android-24\data\res;C:\Users\Karol\AndroidStudioProjects\Tramwaje\app\build\intermediates\classes\test\debug;C:\Users\Karol\AndroidStudioProjects\Tramwaje\app\build\intermediates\classes\debug;C:\Users\Karol\AndroidStudioProjects\Tramwaje\app\build\intermediates\exploded-aar\com.android.support\support-v4\24.2.1\jars\classes.jar;C:\Users\Karol\AndroidStudioProjects\Tramwaje\app\build\intermediates\exploded-aar\com.android.support\support-v4\24.2.1\res;C:\Users\Karol\AndroidStudioProjects\Tramwaje\app\build\intermediates\exploded-aar\com.android.support\support-compat\24.2.1\res;C:\Users\Karol\AndroidStudioProjects\Tramwaje\app\build\intermediates\exploded-aar\com.android.support\support-compat\24.2.1\jars\libs\internal_impl-24.2.1.jar;C:\Users\Karol\AndroidStudioProjects\Tramwaje\app\build\intermediates\exploded-aar\com.android.support\support-compat\24.2.1\jars\classes.jar;C:\Users\Karol\AndroidStudioProjects\Tramwaje\app\build\intermediates\exploded-aar\com.google.android.gms\play-services-base\9.8.0\res;C:\Users\Karol\AndroidStudioProjects\Tramwaje\app\build\intermediates\exploded-aar\com.google.android.gms\play-services-base\9.8.0\jars\classes.jar;C:\Users\Karol\.gradle\caches\modules-2\files-2.1\backport-util-concurrent\backport-util-concurrent\3.1\682f7ac17fed79e92f8e87d8455192b63376347b\backport-util-concurrent-3.1.jar;C:\Users\Karol\AndroidStudioProjects\Tramwaje\app\build\intermediates\exploded-aar\com.google.android.gms\play-services-tagmanager\9.8.0\jars\classes.jar;C:\Users\Karol\AndroidStudioProjects\Tramwaje\app\build\intermediates\exploded-aar\com.google.android.gms\play-services-tagmanager\9.8.0\res;C:\Users\Karol\.gradle\caches\modules-2\files-2.1\org.hamcrest\hamcrest-library\1.3\4785a3c21320980282f9f33d0d1264a69040538f\hamcrest-library-1.3.jar;
Launcher Type: SUN_STANDARD

Environment Variables:
PATH=C:\ProgramData\Oracle\Java\javapath;C:\Program Files (x86)\Intel\iCLS Client\;C:\Program Files\Intel\iCLS Client\;C:\Program Files (x86)\NVIDIA Corporation\PhysX\Common;C:\WINDOWS\system32;C:\WINDOWS;C:\WINDOWS\System32\Wbem;C:\WINDOWS\System32\WindowsPowerShell\v1.0\;C:\Program Files (x86)\Intel\OpenCL SDK\2.0\bin\x86;C:\Program Files (x86)\Intel\OpenCL SDK\2.0\bin\x64;C:\Program Files\Intel\Intel(R) Management Engine Components\DAL;C:\Program Files\Intel\Intel(R) Management Engine Components\IPT;C:\Program Files (x86)\Intel\Intel(R) Management Engine Components\DAL;C:\Program Files (x86)\Intel\Intel(R) Management Engine Components\IPT;C:\Program Files\Intel\WiFi\bin\;C:\Program Files\Common Files\Intel\WirelessCommon\;C:\Program Files (x86)\Intel\OpenCL SDK\2.0\bin\x86;C:\Program Files (x86)\Intel\OpenCL SDK\2.0\bin\x64;C:\Program Files (x86)\Intel\OpenCL SDK\2.0\bin\x86;C:\Program Files (x86)\Intel\OpenCL SDK\2.0\bin\x64;C:\Program Files (x86)\Intel\OpenCL SDK\2.0\bin\x86;C:\Program Files (x86)\Intel\OpenCL SDK\2.0\bin\x64;C:\Users\Karol\AppData\Local\Android\sdk\platform-tools;C:\Program Files (x86)\Intel\OpenCL SDK\2.0\bin\x86;C:\Program Files (x86)\Intel\OpenCL SDK\2.0\bin\x64;C:\Program Files (x86)\Intel\OpenCL SDK\2.0\bin\x86;C:\Program Files (x86)\Intel\OpenCL SDK\2.0\bin\x64
USERNAME=Karol
OS=Windows_NT
PROCESSOR_IDENTIFIER=Intel64 Family 6 Model 58 Stepping 9, GenuineIntel



---------------  S Y S T E M  ---------------

OS: Windows 8.1 , 64 bit Build 9600 (6.3.9600.17415)

CPU:total 4 (2 cores per cpu, 2 threads per core) family 6 model 58 stepping 9, cmov, cx8, fxsr, mmx, sse, sse2, sse3, ssse3, sse4.1, sse4.2, popcnt, avx, aes, clmul, erms, ht, tsc, tscinvbit, tscinv

Memory: 4k page, physical 8240660k(932592k free), swap 8240660k(6612k free)

vm_info: Java HotSpot(TM) 64-Bit Server VM (25.101-b13) for windows-amd64 JRE (1.8.0_101-b13), built on Jun 22 2016 01:21:29 by "java_re" with MS VC++ 10.0 (VS2010)

time: Mon Jan 09 11:01:05 2017
elapsed time: 10 seconds (0d 0h 0m 10s)

